<?xml version="1.0" encoding="UTF-8"?>
<testsuite xmlns:xsi="http://www.w3.org/2001/XMLSchema-instance" xsi:noNamespaceSchemaLocation="https://maven.apache.org/surefire/maven-surefire-plugin/xsd/surefire-test-report-3.0.xsd" version="3.0" name="com.example.ai_app_java.AiAppJavaApplicationTests" time="2.604" tests="1" errors="0" skipped="0" failures="0">
  <properties>
[...]
</properties>
  <testcase name="contextLoads" classname="com.example.ai_app_java.AiAppJavaApplicationTests" time="0.626">
    <system-out><![CDATA[01:06:10.589 [main] INFO org.springframework.test.context.support.AnnotationConfigContextLoaderUtils -- Could not detect default configuration classes for test class [com.example.ai_app_java.AiAppJavaApplicationTests]: AiAppJavaApplicationTests does not declare any static, non-private, non-final, nested classes annotated with @Configuration.
01:06:10.658 [main] INFO org.springframework.boot.test.context.SpringBootTestContextBootstrapper -- Found @SpringBootConfiguration com.example.ai_app_java.AiAppJavaApplication for test class com.example.ai_app_java.AiAppJavaApplicationTests
01:06:10.764 [main] INFO org.springframework.boot.devtools.restart.RestartApplicationListener -- Restart disabled due to context in which it is running
  .   ____          _            __ _ _
 /\\ / ___'_ __ _ _(_)_ __  __ _ \ \ \ \
( ( )\___ | '_ | '_| | '_ \/ _` | \ \ \ \
 \\/  ___)| |_)| | | | | || (_| |  ) ) ) )
  '  |____| .__|_| |_|_| |_\__, | / / / /
 =========|_|==============|___/=/_/_/_/

 :: Spring Boot ::                (v3.3.0)

2026-03-17T01:06:10.952+08:00  INFO 72476 --- [ai_app_java] [           main] c.e.a.AiAppJavaApplicationTests          : Starting AiAppJavaApplicationTests using Java 21.0.10 with PID 72476 (started by huihui in C:\Users\huihui\IdeaProjects\ai_app_java)
2026-03-17T01:06:10.952+08:00  INFO 72476 --- [ai_app_java] [           main] c.e.a.AiAppJavaApplicationTests          : No active profile set, falling back to 1 default profile: "default"
Logging initialized using 'class org.apache.ibatis.logging.stdout.StdOutImpl' adapter.
Initialization Sequence datacenterId:3 workerId:5
 _ _   |_  _ _|_. ___ _ |    _ 
| | |\/|_)(_| | |_\  |_)||_|_\ 
     /               |         
                        3.5.5 
2026-03-17T01:06:12.429+08:00  INFO 72476 --- [ai_app_java] [           main] c.e.a.AiAppJavaApplicationTests          : Started AiAppJavaApplicationTests in 1.674 seconds (process running for 2.284)
]]></system-out>
    <system-err><![CDATA[WARNING: A Java agent has been loaded dynamically (D:\maven_repository\net\bytebuddy\byte-buddy-agent\1.14.16\byte-buddy-agent-1.14.16.jar)
WARNING: If a serviceability tool is in use, please run with -XX:+EnableDynamicAgentLoading to hide this warning
WARNING: If a serviceability tool is not in use, please run with -Djdk.instrument.traceUsage for more information
WARNING: Dynamic loading of agents will be disallowed by default in a future release
]]></system-err>
  </testcase>
</testsuite>